[2024-03-22 14:01:51] (SELECT id, email, role FROM users)
[2024-03-22 14:02:00] (SELECT id, email, role FROM users)
[2024-03-22 14:02:08] (SELECT id, email, role FROM users)
[2024-03-22 14:08:46] (SELECT id, email, role FROM users)
[2024-03-22 14:10:39] (SELECT id, email, role FROM users)
[2024-03-22 14:10:53] (SELECT * FROM users)
[2024-03-22 14:11:23] (SELECT * FROM users)
[2024-03-22 14:11:42] (SELECT * FROM users)
[2024-03-22 14:11:44] (SELECT * FROM users)
[2024-03-22 14:38:30] (SELECT * FROM users)
[2024-03-22 14:38:45] (SELECT * FROM users)
[2024-03-22 14:38:46] (SELECT * FROM users)
[2024-03-23 05:41:35] (SELECT * FROM users WHERE emailajazulhaq@dfghj.com = "")
[2024-03-23 05:41:52] (SELECT * FROM users WHERE emailajazulhaq@dfghj.com = "")
[2024-03-23 05:42:19] (SELECT * FROM users WHERE email = "ajazulhaq@dfghj.com")
[2024-03-23 05:42:31] (SELECT * FROM users WHERE email = "ajazulhaq@dfghj.com")
[2024-03-23 05:42:53] (SELECT * FROM users WHERE email = "ajaz.ul.haq@gmail.com")
[2024-03-23 05:43:04] (SELECT * FROM users WHERE email = "ajaz.ul.haq@ladybirdweb.com")
[2024-03-23 05:44:17] (SELECT * FROM users WHERE email = "ajaz.ul.haq@ladybirdweb.com")
[2024-03-23 05:44:45] (SELECT * FROM users WHERE email = "ajaz.ul.haq@ladybirdweb.com")
[2024-03-23 05:45:00] (SELECT * FROM users WHERE email = "ajaz.ul.haq@ladybirdweb.com")
[2024-03-23 05:51:16] (SELECT * FROM users WHERE email = "ajaz.ul.haq@ladybirdweb.com")
[2024-03-23 05:51:20] (SELECT * FROM users WHERE email = "ajaz.ul.haq@ladybirdweb.com")
[2024-03-23 05:51:28] (SELECT * FROM users WHERE email = "ajaz.ul.haq@ladybirdweb.com")
[2024-03-23 06:07:48] (SELECT * FROM users WHERE email = "ajaz.ul.haq@ladybirdweb.com")
[2024-03-23 06:08:07] (SELECT * FROM users WHERE email = "ajaz.ul.haq@ladybirdweb.com")
[2024-03-23 06:08:22] (SELECT * FROM users WHERE email = "ajaz.ul.haq@ladybirdweb.com")
[2024-03-23 06:10:06] (SELECT * FROM users WHERE email = "ajaz.ul.haq@ladybirdweb.com")
[2024-03-23 06:11:02] (SELECT * FROM users WHERE email = "ajaz.ul.haq@ladybirdweb.com")
[2024-03-23 06:18:45] (SELECT * FROM users WHERE email = "ajaz.ul.haq@ladybirdweb.com")
[2024-03-23 06:20:15] (SELECT * FROM users WHERE email = "ajaz.ul.haq@ladybirdweb.com")
[2024-03-23 06:45:57] (SELECT * FROM users WHERE email = "ajaz.ul.haq@ladybirdweb.com")
[2024-03-23 06:46:13] (SELECT * FROM users WHERE email = "ajaz.ul.haq@ladybirdweb.com")
[2024-03-23 14:13:55] (SELECT * FROM users WHERE email = "ajaz.ul.haq@ladybirdweb.com")
[2024-03-23 14:26:16] (SELECT * FROM users)
[2024-03-23 14:26:37] (SELECT id FROM users)
[2024-03-23 14:26:46] (SELECT id, email FROM users)
[2024-03-23 14:27:23] (SELECT id, email FROM users)
[2024-03-23 14:27:31] (SELECT id, email FROM users)
[2024-03-23 14:27:41] (SELECT * FROM users)
[2024-03-23 14:27:51] (SELECT email FROM users)
[2024-03-23 14:28:04] (SELECT email FROM users)
[2024-03-23 14:28:27] (SELECT email FROM users)
[2024-03-23 14:28:28] (SELECT email FROM users)
[2024-03-23 14:28:29] (SELECT email FROM users)
[2024-03-23 14:28:30] (SELECT email FROM users)
[2024-03-23 14:28:31] (SELECT email FROM users)
[2024-03-23 14:28:32] (SELECT email FROM users)
[2024-03-23 14:31:09] (SELECT * FROM users WHERE email LIKE "%ajaz%" OR first_name LIKE "%ajaz%" OR last_name LIKE "%ajaz%" OR username LIKE "%ajaz%" OR phone LIKE "%ajaz%")
[2024-03-23 14:31:16] (SELECT * FROM users WHERE email LIKE "%ajaz%" OR first_name LIKE "%ajaz%" OR last_name LIKE "%ajaz%" OR user_name LIKE "%ajaz%" OR phone LIKE "%ajaz%")
[2024-03-23 14:31:26] (SELECT * FROM users WHERE email LIKE "%ajaz%" OR first_name LIKE "%ajaz%" OR last_name LIKE "%ajaz%" OR user_name LIKE "%ajaz%" OR phone_number LIKE "%ajaz%")
[2024-03-23 14:31:30] (SELECT * FROM users WHERE email LIKE "%aj%" OR first_name LIKE "%aj%" OR last_name LIKE "%aj%" OR user_name LIKE "%aj%" OR phone_number LIKE "%aj%")
[2024-03-23 14:31:41] (SELECT * FROM users WHERE email LIKE "%aj%" OR first_name LIKE "%aj%" OR last_name LIKE "%aj%" OR user_name LIKE "%aj%" OR phone_number LIKE "%aj%")
[2024-03-23 14:31:45] (SELECT * FROM users WHERE email LIKE "%ajde%" OR first_name LIKE "%ajde%" OR last_name LIKE "%ajde%" OR user_name LIKE "%ajde%" OR phone_number LIKE "%ajde%")
[2024-03-23 14:31:49] (SELECT * FROM users WHERE email LIKE "%aa%" OR first_name LIKE "%aa%" OR last_name LIKE "%aa%" OR user_name LIKE "%aa%" OR phone_number LIKE "%aa%")
[2024-03-23 14:31:54] (SELECT * FROM users WHERE email LIKE "%a%" OR first_name LIKE "%a%" OR last_name LIKE "%a%" OR user_name LIKE "%a%" OR phone_number LIKE "%a%")
[2024-03-23 14:31:59] (SELECT * FROM users WHERE email LIKE "%ladybird%" OR first_name LIKE "%ladybird%" OR last_name LIKE "%ladybird%" OR user_name LIKE "%ladybird%" OR phone_number LIKE "%ladybird%")
[2024-03-23 14:32:18] (SELECT * FROM users WHERE active = "1" AND email LIKE "%ladybird%" OR first_name LIKE "%ladybird%" OR last_name LIKE "%ladybird%" OR user_name LIKE "%ladybird%" OR phone_number LIKE "%ladybird%")
[2024-03-23 14:33:48] (SELECT * FROM users WHERE active = "1" AND email LIKE "%ladybird%" OR first_name LIKE "%ladybird%" OR last_name LIKE "%ladybird%" OR user_name LIKE "%ladybird%" OR phone_number LIKE "%ladybird%")
[2024-03-23 14:34:17] (SELECT * FROM users WHERE active = "1" AND email LIKE "%ladybird%" OR name LIKE "%ladybird%" OR phone LIKE "%ladybird%")
[2024-03-23 14:34:24] (SELECT * FROM users WHERE active = "1" AND email LIKE "%a%" OR name LIKE "%a%" OR phone LIKE "%a%")
